<?xml version="1.0" encoding="UTF-8"?>
<!-- Generated by org.testng.reporters.JUnitXMLReporter -->
<testsuite hostname="DESKTOP-RIGKATV" ignored="2" name="Default test(failed)" tests="1" failures="1" timestamp="11 Apr 2022 13:49:19 GMT" time="0.183" errors="0">
  <testcase name="tc4" time="0.049" classname="org.sample.b">
    <failure type="java.lang.AssertionError">
      <![CDATA[java.lang.AssertionError
at org.junit.Assert.fail(Assert.java:87)
at org.junit.Assert.assertTrue(Assert.java:42)
at org.junit.Assert.assertTrue(Assert.java:53)
at org.sample.b.tc4(b.java:17)
... Removed 25 stack frames]]>
    </failure>
  </testcase> <!-- tc4 -->
  <testcase name="tc5" time="0.0" classname="org.sample.b">
    <ignored/>
  </testcase> <!-- tc5 -->
  <testcase name="tc3" time="0.0" classname="org.sample.b">
    <ignored/>
  </testcase> <!-- tc3 -->
</testsuite> <!-- Default test(failed) -->
